<?xml version="1.0" encoding="UTF-8"?>
<!-- Generated by org.testng.reporters.JUnitReportReporter -->
<testsuite hostname="5CG62365L3" name="com.ctli.it.restAssured.Rest_Methods" tests="1" failures="0" timestamp="26 Aug 2017 12:37:29 GMT" time="4.677" errors="0">
  <testcase name="get" time="4.677" classname="com.ctli.it.restAssured.Rest_Methods"/>
</testsuite> <!-- com.ctli.it.restAssured.Rest_Methods -->
