<?xml version="1.0" encoding="UTF-8"?>
<!-- Generated by org.testng.reporters.JUnitReportReporter -->
<testsuite hostname="L9000FK" name="com.ctli.it.soap.CelsiusToFahrenheit" tests="1" failures="0" timestamp="28 Aug 2017 04:51:15 GMT" time="12.958" errors="0">
  <testcase name="CelsiusToFahrenheit" time="12.958" classname="com.ctli.it.soap.CelsiusToFahrenheit"/>
</testsuite> <!-- com.ctli.it.soap.CelsiusToFahrenheit -->
