<?xml version="1.0" encoding="UTF-8"?>
<!-- Generated by org.testng.reporters.JUnitReportReporter -->
<testsuite hostname="5CG62365L3" name="com.ctli.it.soap.Refrence" tests="1" failures="0" timestamp="26 Aug 2017 10:23:16 GMT" time="6.433" errors="0">
  <testcase name="test" time="6.433" classname="com.ctli.it.soap.Refrence"/>
</testsuite> <!-- com.ctli.it.soap.Refrence -->
