<?xml version="1.0" encoding="UTF-8"?>
<!-- Generated by org.testng.reporters.JUnitReportReporter -->
<testsuite hostname="5CG62365L3" name="com.ctli.it.soap.Soap_Refrence" tests="1" failures="0" timestamp="26 Aug 2017 12:35:25 GMT" time="6.800" errors="0">
  <testcase name="test" time="6.800" classname="com.ctli.it.soap.Soap_Refrence"/>
</testsuite> <!-- com.ctli.it.soap.Soap_Refrence -->
