<?xml version="1.0" encoding="UTF-8"?>
<!-- Generated by org.testng.reporters.JUnitReportReporter -->
<testsuite hostname="L9000FK" name="com.ctli.it.testcases.NaukiriTestcase2" tests="1" failures="0" timestamp="28 Aug 2017 07:52:25 GMT" time="31.369" errors="0">
  <testcase name="CVUpload" time="31.369" classname="com.ctli.it.testcases.NaukiriTestcase2"/>
</testsuite> <!-- com.ctli.it.testcases.NaukiriTestcase2 -->
