<?xml version="1.0" encoding="UTF-8"?>
<!-- Generated by org.testng.reporters.JUnitReportReporter -->
<testsuite hostname="L9000FK" name="com.ctli.it.testcases.RestService" tests="1" failures="0" timestamp="28 Aug 2017 04:50:28 GMT" time="5.244" errors="0">
  <testcase name="getResponse" time="5.244" classname="com.ctli.it.testcases.RestService"/>
</testsuite> <!-- com.ctli.it.testcases.RestService -->
